[debug] [2023-03-12T02:34:47.757Z] ----------------------------------------------------------------------
[debug] [2023-03-12T02:34:47.758Z] Command:       C:\Program Files\nodejs\node.exe C:\Users\vishn\AppData\Roaming\npm\node_modules\firebase-tools\lib\bin\firebase.js init
[debug] [2023-03-12T02:34:47.758Z] CLI Version:   11.16.1
[debug] [2023-03-12T02:34:47.758Z] Platform:      win32
[debug] [2023-03-12T02:34:47.758Z] Node Version:  v16.18.0
[debug] [2023-03-12T02:34:47.759Z] Time:          Sun Mar 12 2023 08:04:47 GMT+0530 (India Standard Time)
[debug] [2023-03-12T02:34:47.759Z] ----------------------------------------------------------------------
[debug] 
[debug] [2023-03-12T02:34:47.762Z] >>> [apiv2][query] GET https://firebase-public.firebaseio.com/cli.json [none]
[debug] [2023-03-12T02:34:47.775Z] > command requires scopes: ["email","openid","https://www.googleapis.com/auth/cloudplatformprojects.readonly","https://www.googleapis.com/auth/firebase","https://www.googleapis.com/auth/cloud-platform"]
[debug] [2023-03-12T02:34:47.776Z] > authorizing via signed-in user (vishnukumar2912@gmail.com)
[info] 
     ######## #### ########  ######## ########     ###     ######  ########
     ##        ##  ##     ## ##       ##     ##  ##   ##  ##       ##
     ######    ##  ########  ######   ########  #########  ######  ######
     ##        ##  ##    ##  ##       ##     ## ##     ##       ## ##
     ##       #### ##     ## ######## ########  ##     ##  ######  ########

You're about to initialize a Firebase project in this directory:

  D:\proshop_mern

[debug] [2023-03-12T02:34:48.593Z] <<< [apiv2][status] GET https://firebase-public.firebaseio.com/cli.json 200
[debug] [2023-03-12T02:34:48.593Z] <<< [apiv2][body] GET https://firebase-public.firebaseio.com/cli.json {"cloudBuildErrorAfter":1594252800000,"cloudBuildWarnAfter":1590019200000,"defaultNode10After":1594252800000,"minVersion":"3.0.5","node8DeploysDisabledAfter":1613390400000,"node8RuntimeDisabledAfter":1615809600000,"node8WarnAfter":1600128000000}
[info] 
=== Project Setup
[info] 
[info] First, let's associate this project directory with a Firebase project.
[info] You can create multiple project aliases by running firebase use --add, 
[info] but for now we'll just set up a default project.
[info] 
[debug] [2023-03-12T02:35:03.089Z] > refreshing access token with scopes: []
[debug] [2023-03-12T02:35:03.090Z] >>> [apiv2][query] POST https://www.googleapis.com/oauth2/v3/token [none]
[debug] [2023-03-12T02:35:03.091Z] >>> [apiv2][body] POST https://www.googleapis.com/oauth2/v3/token [omitted]
[debug] [2023-03-12T02:35:03.761Z] <<< [apiv2][status] POST https://www.googleapis.com/oauth2/v3/token 200
[debug] [2023-03-12T02:35:03.761Z] <<< [apiv2][body] POST https://www.googleapis.com/oauth2/v3/token [omitted]
[debug] [2023-03-12T02:35:03.815Z] >>> [apiv2][query] GET https://firebase.googleapis.com/v1beta1/projects pageSize=100
[debug] [2023-03-12T02:35:05.103Z] <<< [apiv2][status] GET https://firebase.googleapis.com/v1beta1/projects 200
[debug] [2023-03-12T02:35:05.103Z] <<< [apiv2][body] GET https://firebase.googleapis.com/v1beta1/projects [omitted]
[debug] [2023-03-12T02:36:37.545Z] ----------------------------------------------------------------------
[debug] [2023-03-12T02:36:37.547Z] Command:       C:\Program Files\nodejs\node.exe C:\Users\vishn\AppData\Roaming\npm\node_modules\firebase-tools\lib\bin\firebase.js init
[debug] [2023-03-12T02:36:37.547Z] CLI Version:   11.16.1
[debug] [2023-03-12T02:36:37.547Z] Platform:      win32
[debug] [2023-03-12T02:36:37.547Z] Node Version:  v16.18.0
[debug] [2023-03-12T02:36:37.548Z] Time:          Sun Mar 12 2023 08:06:37 GMT+0530 (India Standard Time)
[debug] [2023-03-12T02:36:37.548Z] ----------------------------------------------------------------------
[debug] 
[debug] [2023-03-12T02:36:37.554Z] > command requires scopes: ["email","openid","https://www.googleapis.com/auth/cloudplatformprojects.readonly","https://www.googleapis.com/auth/firebase","https://www.googleapis.com/auth/cloud-platform"]
[debug] [2023-03-12T02:36:37.555Z] > authorizing via signed-in user (vishnukumar2912@gmail.com)
[info] 
     ######## #### ########  ######## ########     ###     ######  ########
     ##        ##  ##     ## ##       ##     ##  ##   ##  ##       ##
     ######    ##  ########  ######   ########  #########  ######  ######
     ##        ##  ##    ##  ##       ##     ## ##     ##       ## ##
     ##       #### ##     ## ######## ########  ##     ##  ######  ########

You're about to initialize a Firebase project in this directory:

  D:\proshop_mern

[info] 
=== Project Setup
[info] 
[info] First, let's associate this project directory with a Firebase project.
[info] You can create multiple project aliases by running firebase use --add, 
[info] but for now we'll just set up a default project.
[info] 
[debug] [2023-03-12T02:36:50.442Z] >>> [apiv2][query] GET https://firebase.googleapis.com/v1beta1/projects pageSize=100
[debug] [2023-03-12T02:36:52.028Z] <<< [apiv2][status] GET https://firebase.googleapis.com/v1beta1/projects 200
[debug] [2023-03-12T02:36:52.028Z] <<< [apiv2][body] GET https://firebase.googleapis.com/v1beta1/projects [omitted]
[info] i  Using project proshop-ba959 (proshop) 
[info] 
=== Hosting Setup
[info] 
[info] Your public directory is the folder (relative to your project directory) that
[info] will contain Hosting assets to be uploaded with firebase deploy. If you
[info] have a build process for your assets, use your build's output directory.
[info] 
